<?xml version="1.0" encoding="UTF-8"?>
<testsuite xmlns:xsi="http://www.w3.org/2001/XMLSchema-instance" xsi:noNamespaceSchemaLocation="https://maven.apache.org/surefire/maven-surefire-plugin/xsd/surefire-test-report.xsd" name="com.creditcard.parser.FileParserTest" time="0.011" tests="10" errors="0" skipped="0" failures="0">
  <properties>
[...]
</properties>
  <testcase name="testJSONParserFirstRecord" classname="com.creditcard.parser.FileParserTest" time="0"/>
  <testcase name="testCSVParserFirstRecord" classname="com.creditcard.parser.FileParserTest" time="0"/>
  <testcase name="testJSONParserValid" classname="com.creditcard.parser.FileParserTest" time="0"/>
  <testcase name="testXMLParserRecordCount" classname="com.creditcard.parser.FileParserTest" time="0"/>
  <testcase name="testXMLParserValid" classname="com.creditcard.parser.FileParserTest" time="0"/>
  <testcase name="testJSONParserRecordCount" classname="com.creditcard.parser.FileParserTest" time="0"/>
  <testcase name="testXMLParserFirstRecord" classname="com.creditcard.parser.FileParserTest" time="0.004"/>
  <testcase name="testCSVParserRecordCount" classname="com.creditcard.parser.FileParserTest" time="0"/>
  <testcase name="testXMLParserEmptyCardNumber" classname="com.creditcard.parser.FileParserTest" time="0.004"/>
  <testcase name="testCSVParserValid" classname="com.creditcard.parser.FileParserTest" time="0.001"/>
</testsuite>